#
# There is insufficient memory for the Java Runtime Environment to continue.
# Native memory allocation (malloc) failed to allocate 1225616 bytes for Chunk::new
# Possible reasons:
#   The system is out of physical RAM or swap space
#   In 32 bit mode, the process size limit was hit
# Possible solutions:
#   Reduce memory load on the system
#   Increase physical memory or swap space
#   Check if swap backing store is full
#   Use 64 bit Java on a 64 bit OS
#   Decrease Java heap size (-Xmx/-Xms)
#   Decrease number of Java threads
#   Decrease Java thread stack sizes (-Xss)
#   Set larger code cache with -XX:ReservedCodeCacheSize=
# This output file may be truncated or incomplete.
#
#  Out of Memory Error (allocation.cpp:390), pid=4208, tid=0x0000000000003268
#
# JRE version: Java(TM) SE Runtime Environment (8.0_121-b13) (build 1.8.0_121-b13)
# Java VM: Java HotSpot(TM) 64-Bit Server VM (25.121-b13 mixed mode windows-amd64 compressed oops)
# Failed to write core dump. Minidumps are not enabled by default on client versions of Windows
#

---------------  T H R E A D  ---------------

Current thread (0x0000000017993800):  JavaThread "C2 CompilerThread0" daemon [_thread_in_native, id=12904, stack(0x0000000018ef0000,0x0000000018ff0000)]

Stack: [0x0000000018ef0000,0x0000000018ff0000]
[error occurred during error reporting (printing stack bounds), id 0xc0000005]

Native frames: (J=compiled Java code, j=interpreted, Vv=VM code, C=native code)


Current CompileTask:
C2:   6017 3136   !   4       java.net.URLClassLoader$1::run (63 bytes)


---------------  P R O C E S S  ---------------

Java Threads: ( => current thread )
  0x0000000019225000 JavaThread "Service Thread" daemon [_thread_blocked, id=14012, stack(0x00000000195f0000,0x00000000196f0000)]
  0x0000000017998800 JavaThread "C1 CompilerThread2" daemon [_thread_blocked, id=7904, stack(0x00000000190f0000,0x00000000191f0000)]
  0x0000000017995800 JavaThread "C2 CompilerThread1" daemon [_thread_in_native, id=11800, stack(0x0000000018ff0000,0x00000000190f0000)]
=>0x0000000017993800 JavaThread "C2 CompilerThread0" daemon [_thread_in_native, id=12904, stack(0x0000000018ef0000,0x0000000018ff0000)]
  0x0000000017991800 JavaThread "Attach Listener" daemon [_thread_blocked, id=11296, stack(0x0000000018df0000,0x0000000018ef0000)]
  0x000000001798f000 JavaThread "Signal Dispatcher" daemon [_thread_blocked, id=14296, stack(0x0000000018cf0000,0x0000000018df0000)]
  0x0000000002e0c000 JavaThread "Finalizer" daemon [_thread_blocked, id=4104, stack(0x0000000018bf0000,0x0000000018cf0000)]
  0x0000000002e01000 JavaThread "Reference Handler" daemon [_thread_blocked, id=8764, stack(0x0000000018af0000,0x0000000018bf0000)]
  0x0000000002d0e800 JavaThread "main" [_thread_in_vm, id=7172, stack(0x0000000002bf0000,0x0000000002cf0000)]

Other Threads:
  0x0000000017958000 VMThread [stack: 0x00000000189f0000,0x0000000018af0000] [id=7256]
  0x0000000019242000 WatcherThread [stack: 0x00000000196f0000,0x00000000197f0000] [id=6340]

VM state:not at safepoint (normal execution)

VM Mutex/Monitor currently owned by a thread: None

Heap:
 PSYoungGen      total 38400K, used 23597K [0x00000000d5b80000, 0x00000000dae80000, 0x0000000100000000)
  eden space 33280K, 55% used [0x00000000d5b80000,0x00000000d6d936e8,0x00000000d7c00000)
  from space 5120K, 99% used [0x00000000d7c00000,0x00000000d80f8020,0x00000000d8100000)
  to   space 9216K, 0% used [0x00000000da580000,0x00000000da580000,0x00000000dae80000)
 ParOldGen       total 87552K, used 9689K [0x0000000081200000, 0x0000000086780000, 0x00000000d5b80000)
  object space 87552K, 11% used [0x0000000081200000,0x0000000081b765f0,0x0000000086780000)
 Metaspace       used 20042K, capacity 20514K, committed 20864K, reserved 1067008K
  class space    used 2443K, capacity 2581K, committed 2688K, reserved 1048576K

Card table byte_map: [0x00000000121d0000,0x00000000125d0000] byte_map_base: 0x0000000011dc7000

Marking Bits: (ParMarkBitMap*) 0x0000000059e9b6d0
 Begin Bits: [0x0000000012c80000, 0x0000000014c38000)
 End Bits:   [0x0000000014c38000, 0x0000000016bf0000)

Polling page: 0x0000000001310000

CodeCache: size=245760Kb used=10632Kb max_used=10632Kb free=235128Kb
 bounds [0x0000000002e10000, 0x0000000003880000, 0x0000000011e10000]
 total_blobs=3540 nmethods=3148 adapters=304
 compilation: enabled

Compilation events (10 events):
Event: 5.779 Thread 0x0000000017998800 3146       1       com.sun.tools.javac.code.Symbol$PackageSymbol::getQualifiedName (5 bytes)
Event: 5.779 Thread 0x0000000017998800 nmethod 3146 0x000000000386f590 code [0x000000000386f6e0, 0x000000000386f7f0]
Event: 5.782 Thread 0x0000000017998800 3147       3       com.sun.tools.javac.util.ArrayUtils::ensureCapacity (30 bytes)
Event: 5.783 Thread 0x0000000017998800 nmethod 3147 0x0000000003875e90 code [0x0000000003876020, 0x00000000038763c8]
Event: 5.783 Thread 0x0000000017998800 3148       3       com.sun.tools.javac.util.List::nil (4 bytes)
Event: 5.783 Thread 0x0000000017998800 nmethod 3148 0x0000000003876550 code [0x00000000038766a0, 0x00000000038767d0]
Event: 5.783 Thread 0x0000000017998800 3149       3       com.sun.tools.javac.code.AnnoConstruct::<init> (5 bytes)
Event: 5.783 Thread 0x0000000017998800 nmethod 3149 0x0000000003876850 code [0x00000000038769a0, 0x0000000003876b50]
Event: 5.821 Thread 0x0000000017998800 3150       3       java.util.WeakHashMap::<init> (133 bytes)
Event: 5.824 Thread 0x0000000017998800 nmethod 3150 0x0000000003876c10 code [0x0000000003876f00, 0x0000000003878648]

GC Heap History (10 events):
Event: 1.401 GC heap before
{Heap before GC invocations=1 (full 0):
 PSYoungGen      total 38400K, used 33280K [0x00000000d5b80000, 0x00000000d8600000, 0x0000000100000000)
  eden space 33280K, 100% used [0x00000000d5b80000,0x00000000d7c00000,0x00000000d7c00000)
  from space 5120K, 0% used [0x00000000d8100000,0x00000000d8100000,0x00000000d8600000)
  to   space 5120K, 0% used [0x00000000d7c00000,0x00000000d7c00000,0x00000000d8100000)
 ParOldGen       total 87552K, used 0K [0x0000000081200000, 0x0000000086780000, 0x00000000d5b80000)
  object space 87552K, 0% used [0x0000000081200000,0x0000000081200000,0x0000000086780000)
 Metaspace       used 8625K, capacity 8764K, committed 8832K, reserved 1056768K
  class space    used 1058K, capacity 1112K, committed 1152K, reserved 1048576K
Event: 1.412 GC heap after
Heap after GC invocations=1 (full 0):
 PSYoungGen      total 38400K, used 5117K [0x00000000d5b80000, 0x00000000d8600000, 0x0000000100000000)
  eden space 33280K, 0% used [0x00000000d5b80000,0x00000000d5b80000,0x00000000d7c00000)
  from space 5120K, 99% used [0x00000000d7c00000,0x00000000d80ff418,0x00000000d8100000)
  to   space 5120K, 0% used [0x00000000d8100000,0x00000000d8100000,0x00000000d8600000)
 ParOldGen       total 87552K, used 52K [0x0000000081200000, 0x0000000086780000, 0x00000000d5b80000)
  object space 87552K, 0% used [0x0000000081200000,0x000000008120d330,0x0000000086780000)
 Metaspace       used 8625K, capacity 8764K, committed 8832K, reserved 1056768K
  class space    used 1058K, capacity 1112K, committed 1152K, reserved 1048576K
}
Event: 2.416 GC heap before
{Heap before GC invocations=2 (full 0):
 PSYoungGen      total 38400K, used 38397K [0x00000000d5b80000, 0x00000000d8600000, 0x0000000100000000)
  eden space 33280K, 100% used [0x00000000d5b80000,0x00000000d7c00000,0x00000000d7c00000)
  from space 5120K, 99% used [0x00000000d7c00000,0x00000000d80ff418,0x00000000d8100000)
  to   space 5120K, 0% used [0x00000000d8100000,0x00000000d8100000,0x00000000d8600000)
 ParOldGen       total 87552K, used 52K [0x0000000081200000, 0x0000000086780000, 0x00000000d5b80000)
  object space 87552K, 0% used [0x0000000081200000,0x000000008120d330,0x0000000086780000)
 Metaspace       used 12518K, capacity 12744K, committed 13056K, reserved 1060864K
  class space    used 1560K, capacity 1668K, committed 1792K, reserved 1048576K
Event: 2.424 GC heap after
Heap after GC invocations=2 (full 0):
 PSYoungGen      total 38400K, used 5116K [0x00000000d5b80000, 0x00000000d8600000, 0x0000000100000000)
  eden space 33280K, 0% used [0x00000000d5b80000,0x00000000d5b80000,0x00000000d7c00000)
  from space 5120K, 99% used [0x00000000d8100000,0x00000000d85ff150,0x00000000d8600000)
  to   space 5120K, 0% used [0x00000000d7c00000,0x00000000d7c00000,0x00000000d8100000)
 ParOldGen       total 87552K, used 2224K [0x0000000081200000, 0x0000000086780000, 0x00000000d5b80000)
  object space 87552K, 2% used [0x0000000081200000,0x000000008142c0e0,0x0000000086780000)
 Metaspace       used 12518K, capacity 12744K, committed 13056K, reserved 1060864K
  class space    used 1560K, capacity 1668K, committed 1792K, reserved 1048576K
}
Event: 3.773 GC heap before
{Heap before GC invocations=3 (full 0):
 PSYoungGen      total 38400K, used 38396K [0x00000000d5b80000, 0x00000000d8600000, 0x0000000100000000)
  eden space 33280K, 100% used [0x00000000d5b80000,0x00000000d7c00000,0x00000000d7c00000)
  from space 5120K, 99% used [0x00000000d8100000,0x00000000d85ff150,0x00000000d8600000)
  to   space 5120K, 0% used [0x00000000d7c00000,0x00000000d7c00000,0x00000000d8100000)
 ParOldGen       total 87552K, used 2224K [0x0000000081200000, 0x0000000086780000, 0x00000000d5b80000)
  object space 87552K, 2% used [0x0000000081200000,0x000000008142c0e0,0x0000000086780000)
 Metaspace       used 15372K, capacity 15618K, committed 15872K, reserved 1062912K
  class space    used 1872K, capacity 1971K, committed 2048K, reserved 1048576K
Event: 3.791 GC heap after
Heap after GC invocations=3 (full 0):
 PSYoungGen      total 38400K, used 5104K [0x00000000d5b80000, 0x00000000d8600000, 0x0000000100000000)
  eden space 33280K, 0% used [0x00000000d5b80000,0x00000000d5b80000,0x00000000d7c00000)
  from space 5120K, 99% used [0x00000000d7c00000,0x00000000d80fc030,0x00000000d8100000)
  to   space 5120K, 0% used [0x00000000d8100000,0x00000000d8100000,0x00000000d8600000)
 ParOldGen       total 87552K, used 4900K [0x0000000081200000, 0x0000000086780000, 0x00000000d5b80000)
  object space 87552K, 5% used [0x0000000081200000,0x00000000816c9200,0x0000000086780000)
 Metaspace       used 15372K, capacity 15618K, committed 15872K, reserved 1062912K
  class space    used 1872K, capacity 1971K, committed 2048K, reserved 1048576K
}
Event: 4.614 GC heap before
{Heap before GC invocations=4 (full 0):
 PSYoungGen      total 38400K, used 38384K [0x00000000d5b80000, 0x00000000d8600000, 0x0000000100000000)
  eden space 33280K, 100% used [0x00000000d5b80000,0x00000000d7c00000,0x00000000d7c00000)
  from space 5120K, 99% used [0x00000000d7c00000,0x00000000d80fc030,0x00000000d8100000)
  to   space 5120K, 0% used [0x00000000d8100000,0x00000000d8100000,0x00000000d8600000)
 ParOldGen       total 87552K, used 4900K [0x0000000081200000, 0x0000000086780000, 0x00000000d5b80000)
  object space 87552K, 5% used [0x0000000081200000,0x00000000816c9200,0x0000000086780000)
 Metaspace       used 16165K, capacity 16512K, committed 16768K, reserved 1064960K
  class space    used 1952K, capacity 2076K, committed 2176K, reserved 1048576K
Event: 4.636 GC heap after
Heap after GC invocations=4 (full 0):
 PSYoungGen      total 38400K, used 5088K [0x00000000d5b80000, 0x00000000da680000, 0x0000000100000000)
  eden space 33280K, 0% used [0x00000000d5b80000,0x00000000d5b80000,0x00000000d7c00000)
  from space 5120K, 99% used [0x00000000d8100000,0x00000000d85f8040,0x00000000d8600000)
  to   space 5120K, 0% used [0x00000000d7c00000,0x00000000d7c00000,0x00000000d8100000)
 ParOldGen       total 87552K, used 7749K [0x0000000081200000, 0x0000000086780000, 0x00000000d5b80000)
  object space 87552K, 8% used [0x0000000081200000,0x00000000819914d0,0x0000000086780000)
 Metaspace       used 16165K, capacity 16512K, committed 16768K, reserved 1064960K
  class space    used 1952K, capacity 2076K, committed 2176K, reserved 1048576K
}
Event: 5.258 GC heap before
{Heap before GC invocations=5 (full 0):
 PSYoungGen      total 38400K, used 38368K [0x00000000d5b80000, 0x00000000da680000, 0x0000000100000000)
  eden space 33280K, 100% used [0x00000000d5b80000,0x00000000d7c00000,0x00000000d7c00000)
  from space 5120K, 99% used [0x00000000d8100000,0x00000000d85f8040,0x00000000d8600000)
  to   space 5120K, 0% used [0x00000000d7c00000,0x00000000d7c00000,0x00000000d8100000)
 ParOldGen       total 87552K, used 7749K [0x0000000081200000, 0x0000000086780000, 0x00000000d5b80000)
  object space 87552K, 8% used [0x0000000081200000,0x00000000819914d0,0x0000000086780000)
 Metaspace       used 16691K, capacity 17080K, committed 17280K, reserved 1064960K
  class space    used 1983K, capacity 2116K, committed 2176K, reserved 1048576K
Event: 5.280 GC heap after
Heap after GC invocations=5 (full 0):
 PSYoungGen      total 38400K, used 5088K [0x00000000d5b80000, 0x00000000dae80000, 0x0000000100000000)
  eden space 33280K, 0% used [0x00000000d5b80000,0x00000000d5b80000,0x00000000d7c00000)
  from space 5120K, 99% used [0x00000000d7c00000,0x00000000d80f8020,0x00000000d8100000)
  to   space 9216K, 0% used [0x00000000da580000,0x00000000da580000,0x00000000dae80000)
 ParOldGen       total 87552K, used 9689K [0x0000000081200000, 0x0000000086780000, 0x00000000d5b80000)
  object space 87552K, 11% used [0x0000000081200000,0x0000000081b765f0,0x0000000086780000)
 Metaspace       used 16691K, capacity 17080K, committed 17280K, reserved 1064960K
  class space    used 1983K, capacity 2116K, committed 2176K, reserved 1048576K
}

Deoptimization events (10 events):
Event: 4.589 Thread 0x0000000002d0e800 Uncommon trap: reason=bimorphic action=maybe_recompile pc=0x00000000034b479c method=java.util.concurrent.ConcurrentHashMap.get(Ljava/lang/Object;)Ljava/lang/Object; @ 149
Event: 4.822 Thread 0x0000000002d0e800 Uncommon trap: reason=unstable_if action=reinterpret pc=0x00000000036d6258 method=org.eclipse.sisu.plexus.RealmFilteredBeans$FilteredItr.hasNext()Z @ 44
Event: 4.846 Thread 0x0000000002d0e800 Uncommon trap: reason=unstable_if action=reinterpret pc=0x0000000003152188 method=java.io.Reader.read()I @ 12
Event: 4.853 Thread 0x0000000002d0e800 Uncommon trap: reason=unstable_if action=reinterpret pc=0x000000000314d0c8 method=java.io.Reader.read()I @ 12
Event: 4.868 Thread 0x0000000002d0e800 Uncommon trap: reason=class_check action=maybe_recompile pc=0x00000000032a3e30 method=java.lang.reflect.Executable.getAnnotation(Ljava/lang/Class;)Ljava/lang/annotation/Annotation; @ 19
Event: 4.893 Thread 0x0000000002d0e800 Uncommon trap: reason=bimorphic action=maybe_recompile pc=0x0000000003496f64 method=java.util.regex.Pattern$CharProperty.match(Ljava/util/regex/Matcher;ILjava/lang/CharSequence;)Z @ 37
Event: 5.447 Thread 0x0000000002d0e800 Uncommon trap: reason=bimorphic action=maybe_recompile pc=0x0000000003496f64 method=java.util.regex.Pattern$CharProperty.match(Ljava/util/regex/Matcher;ILjava/lang/CharSequence;)Z @ 37
Event: 5.458 Thread 0x0000000002d0e800 Uncommon trap: reason=unstable_if action=reinterpret pc=0x00000000036b1f60 method=com.google.inject.internal.InjectorImpl.callInContext(Lcom/google/inject/internal/ContextualCallable;)Ljava/lang/Object; @ 161
Event: 5.577 Thread 0x0000000002d0e800 Uncommon trap: reason=unstable_if action=reinterpret pc=0x0000000002f34ec8 method=java.net.URI.match(CJJ)Z @ 19
Event: 5.578 Thread 0x0000000002d0e800 Uncommon trap: reason=unstable_if action=reinterpret pc=0x00000000035fce88 method=java.nio.charset.CharsetDecoder.decode(Ljava/nio/ByteBuffer;Ljava/nio/CharBuffer;Z)Ljava/nio/charset/CoderResult; @ 1

Internal exceptions (10 events):
Event: 3.008 Thread 0x0000000002d0e800 Exception <a 'java/lang/NullPointerException'> (0x00000000d6600b38) thrown at [C:\re\workspace\8-2-build-windows-amd64-cygwin\jdk8u121\8372\hotspot\src\share\vm\interpreter\linkResolver.cpp, line 1178]
Event: 3.010 Thread 0x0000000002d0e800 Exception <a 'java/lang/NullPointerException'> (0x00000000d6615fb8) thrown at [C:\re\workspace\8-2-build-windows-amd64-cygwin\jdk8u121\8372\hotspot\src\share\vm\interpreter\linkResolver.cpp, line 1178]
Event: 3.010 Thread 0x0000000002d0e800 Exception <a 'java/lang/NullPointerException'> (0x00000000d66161d0) thrown at [C:\re\workspace\8-2-build-windows-amd64-cygwin\jdk8u121\8372\hotspot\src\share\vm\interpreter\linkResolver.cpp, line 1178]
Event: 3.010 Thread 0x0000000002d0e800 Exception <a 'java/lang/NullPointerException'> (0x00000000d66163e8) thrown at [C:\re\workspace\8-2-build-windows-amd64-cygwin\jdk8u121\8372\hotspot\src\share\vm\interpreter\linkResolver.cpp, line 1178]
Event: 3.372 Thread 0x0000000002d0e800 Implicit null exception at 0x00000000031f9855 to 0x00000000031f9a25
Event: 3.372 Thread 0x0000000002d0e800 Implicit null exception at 0x00000000032158ef to 0x0000000003215959
Event: 3.617 Thread 0x0000000002d0e800 Implicit null exception at 0x00000000034a5ca7 to 0x00000000034a6fb1
Event: 4.445 Thread 0x0000000002d0e800 Implicit null exception at 0x000000000366ad5f to 0x000000000366be65
Event: 5.458 Thread 0x0000000002d0e800 Implicit null exception at 0x00000000036b0cd1 to 0x00000000036b1f51
Event: 5.576 Thread 0x0000000002d0e800 Exception <a 'java/lang/ClassNotFoundException': com/sun/tools/javac/api/JavacTool> (0x00000000d63b83c8) thrown at [C:\re\workspace\8-2-build-windows-amd64-cygwin\jdk8u121\8372\hotspot\src\share\vm\classfile\systemDictionary.cpp, line 210]

Events (10 events):
Event: 5.979 loading class com/sun/tools/javac/comp/Infer
Event: 5.979 loading class com/sun/tools/javac/comp/Infer done
Event: 5.979 loading class com/sun/tools/javac/comp/Infer$IncorporationStep
Event: 5.980 loading class com/sun/tools/javac/comp/Infer$IncorporationStep done
Event: 5.981 loading class com/sun/tools/javac/comp/Infer$ImplicitArgType
Event: 5.981 loading class com/sun/tools/javac/comp/Infer$ImplicitArgType done
Event: 5.982 loading class com/sun/tools/javac/code/Symbol$TypeVariableSymbol
Event: 5.982 loading class com/sun/tools/javac/code/Symbol$TypeVariableSymbol done
Event: 5.982 loading class javax/lang/model/element/TypeParameterElement
Event: 5.982 loading class javax/lang/model/element/TypeParameterElement done


Dynamic libraries:
0x00007ff6faf50000 - 0x00007ff6faf87000 	C:\Program Files\Java\jdk1.8.0_121\bin\javaw.exe
0x00007ff88c0e0000 - 0x00007ff88c28d000 	C:\Windows\SYSTEM32\ntdll.dll
0x00007ff88a430000 - 0x00007ff88a56f000 	C:\Windows\system32\KERNEL32.DLL
0x00007ff889610000 - 0x00007ff889725000 	C:\Windows\system32\KERNELBASE.dll
0x00007ff887dd0000 - 0x00007ff887e5e000 	C:\Windows\system32\apphelp.dll
0x00007ff87dce0000 - 0x00007ff87dd35000 	C:\Windows\AppPatch\AppPatch64\AcGenral.DLL
0x00007ff88c000000 - 0x00007ff88c0aa000 	C:\Windows\system32\msvcrt.dll
0x00007ff889730000 - 0x00007ff88975e000 	C:\Windows\system32\SspiCli.dll
0x00007ff88bd10000 - 0x00007ff88bd64000 	C:\Windows\system32\SHLWAPI.dll
0x00007ff88be70000 - 0x00007ff88bfe7000 	C:\Windows\system32\USER32.dll
0x00007ff88a640000 - 0x00007ff88a7d5000 	C:\Windows\system32\ole32.dll
0x00007ff88a7e0000 - 0x00007ff88bd0e000 	C:\Windows\system32\SHELL32.dll
0x00007ff888b20000 - 0x00007ff888b41000 	C:\Windows\SYSTEM32\USERENV.dll
0x00007ff889cd0000 - 0x00007ff889d7a000 	C:\Windows\system32\ADVAPI32.dll
0x00007ff87ebf0000 - 0x00007ff87ec0e000 	C:\Windows\SYSTEM32\MPR.dll
0x00007ff88a040000 - 0x00007ff88a17a000 	C:\Windows\system32\RPCRT4.dll
0x00007ff88a5e0000 - 0x00007ff88a638000 	C:\Windows\SYSTEM32\sechost.dll
0x00007ff8897d0000 - 0x00007ff8899e2000 	C:\Windows\SYSTEM32\combase.dll
0x00007ff88a180000 - 0x00007ff88a2ce000 	C:\Windows\system32\GDI32.dll
0x00007ff889200000 - 0x00007ff889215000 	C:\Windows\SYSTEM32\profapi.dll
0x00007ff8875f0000 - 0x00007ff8876a2000 	C:\Windows\SYSTEM32\SHCORE.dll
0x00007ff88be30000 - 0x00007ff88be66000 	C:\Windows\system32\IMM32.DLL
0x00007ff88a2d0000 - 0x00007ff88a421000 	C:\Windows\system32\MSCTF.dll
0x00007ff886770000 - 0x00007ff8869eb000 	C:\Windows\WinSxS\amd64_microsoft.windows.common-controls_6595b64144ccf1df_6.0.9600.19394_none_62486577ecb635cf\COMCTL32.dll
0x0000000059f20000 - 0x0000000059ff2000 	C:\Program Files\Java\jdk1.8.0_121\jre\bin\msvcr100.dll
0x0000000059680000 - 0x0000000059f1b000 	C:\Program Files\Java\jdk1.8.0_121\jre\bin\server\jvm.dll
0x00007ff87d8e0000 - 0x00007ff87d8e9000 	C:\Windows\SYSTEM32\WSOCK32.dll
0x00007ff8803e0000 - 0x00007ff880402000 	C:\Windows\SYSTEM32\WINMM.dll
0x00007ff87f720000 - 0x00007ff87f72a000 	C:\Windows\SYSTEM32\VERSION.dll
0x00007ff889d80000 - 0x00007ff889d87000 	C:\Windows\system32\PSAPI.DLL
0x00007ff889770000 - 0x00007ff8897ca000 	C:\Windows\system32\WS2_32.dll
0x00007ff8803a0000 - 0x00007ff8803ca000 	C:\Windows\SYSTEM32\WINMMBASE.dll
0x00007ff88bff0000 - 0x00007ff88bff9000 	C:\Windows\system32\NSI.dll
0x00007ff8892d0000 - 0x00007ff88931f000 	C:\Windows\SYSTEM32\cfgmgr32.dll
0x00007ff888030000 - 0x00007ff888058000 	C:\Windows\SYSTEM32\DEVOBJ.dll
0x0000000059670000 - 0x000000005967f000 	C:\Program Files\Java\jdk1.8.0_121\jre\bin\verify.dll
0x0000000059640000 - 0x0000000059669000 	C:\Program Files\Java\jdk1.8.0_121\jre\bin\java.dll
0x0000000059620000 - 0x0000000059636000 	C:\Program Files\Java\jdk1.8.0_121\jre\bin\zip.dll
0x00007ff888a10000 - 0x00007ff888a30000 	C:\Windows\SYSTEM32\CRYPTSP.dll
0x00007ff888710000 - 0x00007ff888746000 	C:\Windows\system32\rsaenh.dll
0x00007ff888ce0000 - 0x00007ff888d06000 	C:\Windows\SYSTEM32\bcrypt.dll
0x00007ff889000000 - 0x00007ff889063000 	C:\Windows\system32\bcryptprimitives.dll
0x00007ff889070000 - 0x00007ff88907b000 	C:\Windows\SYSTEM32\CRYPTBASE.dll
0x0000000059600000 - 0x000000005961a000 	C:\Program Files\Java\jdk1.8.0_121\jre\bin\net.dll
0x00007ff888b50000 - 0x00007ff888ba9000 	C:\Windows\system32\mswsock.dll
0x00007ff883b10000 - 0x00007ff883b3a000 	C:\Windows\SYSTEM32\IPHLPAPI.DLL
0x00007ff884ff0000 - 0x00007ff884ffa000 	C:\Windows\SYSTEM32\WINNSI.DLL
0x00007ff8837d0000 - 0x00007ff8837e6000 	C:\Windows\SYSTEM32\dhcpcsvc6.DLL
0x00007ff883710000 - 0x00007ff88372a000 	C:\Windows\SYSTEM32\dhcpcsvc.DLL
0x00000000595e0000 - 0x00000000595f1000 	C:\Program Files\Java\jdk1.8.0_121\jre\bin\nio.dll
0x00007ff884270000 - 0x00007ff88427a000 	C:\Users\taha\AppData\Local\Temp\jansi-1.17-4953480532126049735.dll
0x00007ff883760000 - 0x00007ff88376a000 	C:\Users\taha\AppData\Local\Temp\jansi-1.17-8133732499649632222.dll

VM Arguments:
jvm_args: -Dmaven.home=EMBEDDED -Dclassworlds.conf=C:\Users\taha\eclipse-workspace\.metadata\.plugins\org.eclipse.m2e.launching\launches\m2conf8088556831642625673.tmp -Dmaven.multiModuleProjectDirectory=C:\Users\taha\eclipse-workspace\EmailComposeTesting -Dfile.encoding=Cp1252 
java_command: org.codehaus.plexus.classworlds.launcher.Launcher -B clean package
java_class_path (initial): C:\Users\taha\.p2\pool\plugins\org.eclipse.m2e.maven.runtime_1.11.0.20190220-2117\jars\plexus-classworlds-2.5.2.jar
Launcher Type: SUN_STANDARD

Environment Variables:
JAVA_HOME=C:\Program Files\Java\jdk1.8.0_121
USERNAME=taha
OS=Windows_NT
PROCESSOR_IDENTIFIER=Intel64 Family 6 Model 61 Stepping 4, GenuineIntel



---------------  S Y S T E M  ---------------

OS: Windows 8.1 , 64 bit Build 9600 (6.3.9600.20062)

CPU:total 4 (2 cores per cpu, 2 threads per core) family 6 model 61 stepping 4, cmov, cx8, fxsr, mmx, sse, sse2, sse3, ssse3, sse4.1, sse4.2, popcnt, avx, avx2, aes, clmul, erms, 3dnowpref, lzcnt, ht, tsc, tscinvbit, bmi1, bmi2, adx

Memory: 4k page, physical 8306864k(1162588k free), swap 11452592k(5580k free)

vm_info: Java HotSpot(TM) 64-Bit Server VM (25.121-b13) for windows-amd64 JRE (1.8.0_121-b13), built on Dec 12 2016 18:21:36 by "java_re" with MS VC++ 10.0 (VS2010)

time: Mon Oct 18 16:43:28 2021
elapsed time: 6 seconds (0d 0h 0m 6s)

